Arguments: 
  C:\Program Files (x86)\Nodist\v-x64\8.9.1\node.exe C:\Program Files (x86)\Yarn\bin\yarn.js add @clr/ui @clr/angular @clr/icons

PATH: 
  C:\Program Files\Docker\Docker\Resources\bin;C:\ProgramData\Oracle\Java\javapath;C:\windows\system32;C:\windows;C:\windows\System32\Wbem;C:\windows\System32\WindowsPowerShell\v1.0\;C:\Program Files\Common Files\EMC\;C:\Program Files (x86)\Nodist\bin;C:\Program Files\Git\cmd;C:\Program Files (x86)\Yarn\bin;C:\Program Files\Dell\Dell Data Protection\Encryption\;C:\Program Files (x86)\Windows Kits\8.1\Windows Performance Toolkit\;C:\Program Files\PuTTY\;C:\Users\cobled1\.windows-build-tools\python27\;C:\Program Files (x86)\Nodist\npmv\4.0.5\bin\node-gyp-bin;C:\Program Files (x86)\Nodist\bin\node_modules\windows-build-tools\node_modules\.bin;C:\Program Files (x86)\Nodist\bin\node_modules\.bin;C:\Program Files\Docker\Docker\Resources\bin;C:\ProgramData\Oracle\Java\javapath;C:\windows\system32;C:\windows;C:\windows\System32\Wbem;C:\windows\System32\WindowsPowerShell\v1.0\;C:\Program Files\Common Files\EMC\;C:\Program Files (x86)\Nodist\bin;C:\Program Files\Git\cmd;C:\Program Files (x86)\Yarn\bin;C:\Program Files\Dell\Dell Data Protection\Encryption\;C:\Program Files (x86)\Windows Kits\8.1\Windows Performance Toolkit\;C:\Users\cobled1\AppData\Local\Microsoft\WindowsApps;C:\Program Files\Microsoft VS Code\bin;C:\Users\cobled1\AppData\Local\Yarn\bin;C:\Python27

Yarn version: 
  1.3.2

Node version: 
  8.9.1

Platform: 
  win32 x64

npm manifest: 
  {
    "name": "angular-d3-graph-example",
    "version": "0.0.1",
    "license": "MIT",
    "angular-cli": {},
    "scripts": {
      "ng": "ng",
      "start": "ng serve",
      "lint": "ng lint"
    },
    "private": true,
    "dependencies": {
      "@angular-devkit/core": "^0.4.3",
      "@angular/common": "^5.0.1",
      "@angular/compiler": "^5.0.1",
      "@angular/core": "^5.0.1",
      "@angular/forms": "^5.0.1",
      "@angular/http": "^5.0.1",
      "@angular/platform-browser": "^5.0.1",
      "@angular/platform-browser-dynamic": "^5.0.1",
      "@angular/router": "^5.0.1",
      "core-js": "^2.4.1",
      "d3": "^4.11.0",
      "rxjs": "^5.5.2",
      "ts-helpers": "^1.1.2",
      "zone.js": "^0.8.14"
    },
    "devDependencies": {
      "@angular/cli": "1.5.0",
      "@angular/compiler-cli": "^5.0.1",
      "@types/d3": "^4.4.1",
      "@types/node": "^6.0.60",
      "codelyzer": "~4.0.0",
      "ts-node": "~3.2.0",
      "tslint": "^5.7.0",
      "typescript": "2.4.2"
    }
  }

yarn manifest: 
  No manifest

Lockfile: 
  No lockfile

Trace: 
  Error: getaddrinfo ENOTFOUND registry.yarnpkg.com registry.yarnpkg.com:443
      at errnoException (dns.js:50:10)
      at GetAddrInfoReqWrap.onlookup [as oncomplete] (dns.js:92:26)
